<?xml version="1.0" encoding="UTF-8"?>
<!-- Generated by org.testng.reporters.JUnitReportReporter -->
<testsuite skipped="0" hostname="DESKTOP-7RFSQTH" name="run.TestRunnerFile" tests="1" failures="0" timestamp="01 Jan 2020 19:09:01 GMT" time="15.361" errors="0">
  <testcase name="feature" time="15.361" classname="run.TestRunnerFile"/>
</testsuite> <!-- run.TestRunnerFile -->
